[debug] [2023-02-18T17:49:59.656Z] ----------------------------------------------------------------------
[debug] [2023-02-18T17:49:59.657Z] Command:       /opt/homebrew/Cellar/node/19.6.1/bin/node /opt/homebrew/bin/firebase init hosting
[debug] [2023-02-18T17:49:59.658Z] CLI Version:   11.23.1
[debug] [2023-02-18T17:49:59.658Z] Platform:      darwin
[debug] [2023-02-18T17:49:59.658Z] Node Version:  v19.6.1
[debug] [2023-02-18T17:49:59.658Z] Time:          Sat Feb 18 2023 23:19:59 GMT+0530 (India Standard Time)
[debug] [2023-02-18T17:49:59.658Z] ----------------------------------------------------------------------
[debug] 
[debug] [2023-02-18T17:49:59.692Z] > command requires scopes: ["email","openid","https://www.googleapis.com/auth/cloudplatformprojects.readonly","https://www.googleapis.com/auth/firebase","https://www.googleapis.com/auth/cloud-platform"]
[debug] [2023-02-18T17:49:59.692Z] > authorizing via signed-in user (deepanshu.balyan0073@gmail.com)
[info] 
     ######## #### ########  ######## ########     ###     ######  ########
     ##        ##  ##     ## ##       ##     ##  ##   ##  ##       ##
     ######    ##  ########  ######   ########  #########  ######  ######
     ##        ##  ##    ##  ##       ##     ## ##     ##       ## ##
     ##       #### ##     ## ######## ########  ##     ##  ######  ########

You're about to initialize a Firebase project in this directory:

  /Users/deepanshu

Before we get started, keep in mind:

  * You are initializing within an existing Firebase project directory

[info] 
=== Project Setup
[info] 
[info] First, let's associate this project directory with a Firebase project.
[info] You can create multiple project aliases by running firebase use --add, 
[info] but for now we'll just set up a default project.
[info] 
[debug] [2023-02-18T17:49:59.694Z] Using project from CLI flag: tafcreatex
[debug] [2023-02-18T17:49:59.695Z] >>> [apiv2][query] GET https://firebase.googleapis.com/v1beta1/projects/tafcreatex [none]
[debug] [2023-02-18T17:50:00.204Z] <<< [apiv2][status] GET https://firebase.googleapis.com/v1beta1/projects/tafcreatex 200
[debug] [2023-02-18T17:50:00.205Z] <<< [apiv2][body] GET https://firebase.googleapis.com/v1beta1/projects/tafcreatex {"projectId":"tafcreatex","projectNumber":"767791743000","displayName":"TAfCreate","name":"projects/tafcreatex","resources":{"hostingSite":"tafcreatex","realtimeDatabaseInstance":"tafcreatex-default-rtdb","storageBucket":"tafcreatex.appspot.com","locationId":"us-central"},"state":"ACTIVE","etag":"1_bc3b9975-0bd1-46e0-ba56-596b191b0599"}
[info] i  Using project tafcreatex (TAfCreate) 
[info] 
=== Hosting Setup
[info] 
[info] Your public directory is the folder (relative to your project directory) that
[info] will contain Hosting assets to be uploaded with firebase deploy. If you
[info] have a build process for your assets, use your build's output directory.
[info] 
[debug] [2023-02-18T17:50:39.492Z] ----------------------------------------------------------------------
[debug] [2023-02-18T17:50:39.494Z] Command:       /opt/homebrew/Cellar/node/19.6.1/bin/node /opt/homebrew/bin/firebase init hosting
[debug] [2023-02-18T17:50:39.494Z] CLI Version:   11.23.1
[debug] [2023-02-18T17:50:39.494Z] Platform:      darwin
[debug] [2023-02-18T17:50:39.494Z] Node Version:  v19.6.1
[debug] [2023-02-18T17:50:39.494Z] Time:          Sat Feb 18 2023 23:20:39 GMT+0530 (India Standard Time)
[debug] [2023-02-18T17:50:39.494Z] ----------------------------------------------------------------------
[debug] 
[debug] [2023-02-18T17:50:39.527Z] > command requires scopes: ["email","openid","https://www.googleapis.com/auth/cloudplatformprojects.readonly","https://www.googleapis.com/auth/firebase","https://www.googleapis.com/auth/cloud-platform"]
[debug] [2023-02-18T17:50:39.527Z] > authorizing via signed-in user (deepanshu.balyan0073@gmail.com)
[info] 
     ######## #### ########  ######## ########     ###     ######  ########
     ##        ##  ##     ## ##       ##     ##  ##   ##  ##       ##
     ######    ##  ########  ######   ########  #########  ######  ######
     ##        ##  ##    ##  ##       ##     ## ##     ##       ## ##
     ##       #### ##     ## ######## ########  ##     ##  ######  ########

You're about to initialize a Firebase project in this directory:

  /Users/deepanshu

Before we get started, keep in mind:

  * You are initializing within an existing Firebase project directory

[info] 
=== Project Setup
[info] 
[info] First, let's associate this project directory with a Firebase project.
[info] You can create multiple project aliases by running firebase use --add, 
[info] but for now we'll just set up a default project.
[info] 
[debug] [2023-02-18T17:50:39.529Z] Using project from CLI flag: tafcreatex
[debug] [2023-02-18T17:50:39.530Z] >>> [apiv2][query] GET https://firebase.googleapis.com/v1beta1/projects/tafcreatex [none]
[debug] [2023-02-18T17:50:40.302Z] <<< [apiv2][status] GET https://firebase.googleapis.com/v1beta1/projects/tafcreatex 200
[debug] [2023-02-18T17:50:40.303Z] <<< [apiv2][body] GET https://firebase.googleapis.com/v1beta1/projects/tafcreatex {"projectId":"tafcreatex","projectNumber":"767791743000","displayName":"TAfCreate","name":"projects/tafcreatex","resources":{"hostingSite":"tafcreatex","realtimeDatabaseInstance":"tafcreatex-default-rtdb","storageBucket":"tafcreatex.appspot.com","locationId":"us-central"},"state":"ACTIVE","etag":"1_bc3b9975-0bd1-46e0-ba56-596b191b0599"}
[info] i  Using project tafcreatex (TAfCreate) 
[info] 
=== Hosting Setup
[info] 
[info] Your public directory is the folder (relative to your project directory) that
[info] will contain Hosting assets to be uploaded with firebase deploy. If you
[info] have a build process for your assets, use your build's output directory.
[info] 
[info] ✔  Wrote public/404.html 
[debug] [2023-02-18T17:50:49.127Z] >>> [apiv2][query] GET https://www.gstatic.com/firebasejs/releases.json [none]
[debug] [2023-02-18T17:50:49.325Z] <<< [apiv2][status] GET https://www.gstatic.com/firebasejs/releases.json 200
[debug] [2023-02-18T17:50:49.325Z] <<< [apiv2][body] GET https://www.gstatic.com/firebasejs/releases.json {"current":{"version":"9.17.1","browserURL":"https://www.gstatic.com/firebasejs/9.17.1/firebase.js","packageURL":"https://www.gstatic.com/firebasejs/9.17.1/firebase.tgz"},"live":{"version":"9.17","browserURL":"https://www.gstatic.com/firebasejs/live/9.17/firebase.js","packageURL":"https://www.gstatic.com/firebasejs/live/9.17/firebase.tgz"},"components":{"analytics":"https://www.gstatic.com/firebasejs/9.17.1/firebase-analytics.js","app":"https://www.gstatic.com/firebasejs/9.17.1/firebase-app.js","app-check":"https://www.gstatic.com/firebasejs/9.17.1/firebase-app-check.js","auth":"https://www.gstatic.com/firebasejs/9.17.1/firebase-auth.js","auth/cordova":"https://www.gstatic.com/firebasejs/9.17.1/firebase-auth/cordova.js","auth/react-native":"https://www.gstatic.com/firebasejs/9.17.1/firebase-auth/react-native.js","functions":"https://www.gstatic.com/firebasejs/9.17.1/firebase-functions.js","firestore":"https://www.gstatic.com/firebasejs/9.17.1/firebase-firestore.js","firestore/lite":"https://www.gstatic.com/firebasejs/9.17.1/firebase-firestore/lite.js","installations":"https://www.gstatic.com/firebasejs/9.17.1/firebase-installations.js","storage":"https://www.gstatic.com/firebasejs/9.17.1/firebase-storage.js","performance":"https://www.gstatic.com/firebasejs/9.17.1/firebase-performance.js","remote-config":"https://www.gstatic.com/firebasejs/9.17.1/firebase-remote-config.js","messaging":"https://www.gstatic.com/firebasejs/9.17.1/firebase-messaging.js","messaging/sw":"https://www.gstatic.com/firebasejs/9.17.1/firebase-messaging/sw.js","database":"https://www.gstatic.com/firebasejs/9.17.1/firebase-database.js","firestore.memory":"https://www.gstatic.com/firebasejs/9.17.1/firebase-firestore.memory.js"}}
[info] ✔  Wrote public/index.html 
[info] 
[info] i  Detected a .git folder at /Users/deepanshu 
[info] i  Authorizing with GitHub to upload your service account to a GitHub repository's secrets store. 
[info] 
[info] Visit this URL on this device to log in:
[info] https://github.com/login/oauth/authorize?client_id=89cf50f02ac6aaed3484&state=348123613&redirect_uri=http%3A%2F%2Flocalhost%3A9005&scope=read%3Auser%20repo%20public_repo
[info] 
[info] Waiting for authentication...
[debug] [2023-02-18T17:50:50.057Z] >>> [apiv2][query] POST https://github.com/login/oauth/access_token [none]
[debug] [2023-02-18T17:50:50.057Z] >>> [apiv2][body] POST https://github.com/login/oauth/access_token [stream]
[debug] [2023-02-18T17:50:50.633Z] <<< [apiv2][status] POST https://github.com/login/oauth/access_token 200
[debug] [2023-02-18T17:50:50.634Z] <<< [apiv2][body] POST https://github.com/login/oauth/access_token {"access_token":"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","token_type":"bearer","scope":"read:user,repo"}
[debug] [2023-02-18T17:50:50.643Z] >>> [apiv2][query] GET https://api.github.com/user [none]
[debug] [2023-02-18T17:50:51.164Z] <<< [apiv2][status] GET https://api.github.com/user 200
[debug] [2023-02-18T17:50:51.164Z] <<< [apiv2][body] GET https://api.github.com/user {"login":"deepanshubalyan01","id":67154128,"node_id":"MDQ6VXNlcjY3MTU0MTI4","avatar_url":"https://avatars.githubusercontent.com/u/67154128?v=4","gravatar_id":"","url":"https://api.github.com/users/deepanshubalyan01","html_url":"https://github.com/deepanshubalyan01","followers_url":"https://api.github.com/users/deepanshubalyan01/followers","following_url":"https://api.github.com/users/deepanshubalyan01/following{/other_user}","gists_url":"https://api.github.com/users/deepanshubalyan01/gists{/gist_id}","starred_url":"https://api.github.com/users/deepanshubalyan01/starred{/owner}{/repo}","subscriptions_url":"https://api.github.com/users/deepanshubalyan01/subscriptions","organizations_url":"https://api.github.com/users/deepanshubalyan01/orgs","repos_url":"https://api.github.com/users/deepanshubalyan01/repos","events_url":"https://api.github.com/users/deepanshubalyan01/events{/privacy}","received_events_url":"https://api.github.com/users/deepanshubalyan01/received_events","type":"User","site_admin":false,"name":"Deepanshu balyan","company":null,"blog":"https://www.instagram.com/deepanshu_balyan01/?hl=en","location":"Delhi,India","email":null,"hireable":null,"bio":"computer science student, DU, data analysist, content creator.","twitter_username":"deepanshubalyan","public_repos":3,"public_gists":0,"followers":0,"following":0,"created_at":"2020-06-19T13:14:40Z","updated_at":"2022-12-26T13:33:08Z","private_gists":0,"total_private_repos":10,"owned_private_repos":10,"disk_usage":4983,"collaborators":0,"two_factor_authentication":false,"plan":{"name":"free","space":976562499,"collaborators":0,"private_repos":10000}}
[info] 
[info] ✔  Success! Logged into GitHub as deepanshubalyan01 
[info] 
[debug] [2023-02-19T06:38:29.010Z] ----------------------------------------------------------------------
[debug] [2023-02-19T06:38:29.015Z] Command:       /opt/homebrew/Cellar/node/19.6.1/bin/node /opt/homebrew/bin/firebase init hosting
[debug] [2023-02-19T06:38:29.015Z] CLI Version:   11.23.1
[debug] [2023-02-19T06:38:29.015Z] Platform:      darwin
[debug] [2023-02-19T06:38:29.015Z] Node Version:  v19.6.1
[debug] [2023-02-19T06:38:29.015Z] Time:          Sun Feb 19 2023 12:08:29 GMT+0530 (India Standard Time)
[debug] [2023-02-19T06:38:29.015Z] ----------------------------------------------------------------------
[debug] 
[debug] [2023-02-19T06:38:29.050Z] > command requires scopes: ["email","openid","https://www.googleapis.com/auth/cloudplatformprojects.readonly","https://www.googleapis.com/auth/firebase","https://www.googleapis.com/auth/cloud-platform"]
[debug] [2023-02-19T06:38:29.050Z] > authorizing via signed-in user (deepanshu.balyan0073@gmail.com)
[info] 
     ######## #### ########  ######## ########     ###     ######  ########
     ##        ##  ##     ## ##       ##     ##  ##   ##  ##       ##
     ######    ##  ########  ######   ########  #########  ######  ######
     ##        ##  ##    ##  ##       ##     ## ##     ##       ## ##
     ##       #### ##     ## ######## ########  ##     ##  ######  ########

You're about to initialize a Firebase project in this directory:

  /Users/deepanshu

Before we get started, keep in mind:

  * You are initializing within an existing Firebase project directory

[info] 
=== Project Setup
[info] 
[info] First, let's associate this project directory with a Firebase project.
[info] You can create multiple project aliases by running firebase use --add, 
[info] but for now we'll just set up a default project.
[info] 
[debug] [2023-02-19T06:38:29.052Z] Using project from CLI flag: tafcreatex
[debug] [2023-02-19T06:38:29.053Z] > refreshing access token with scopes: []
[debug] [2023-02-19T06:38:29.053Z] >>> [apiv2][query] POST https://www.googleapis.com/oauth2/v3/token [none]
[debug] [2023-02-19T06:38:29.053Z] >>> [apiv2][body] POST https://www.googleapis.com/oauth2/v3/token [omitted]
[debug] [2023-02-19T06:38:29.327Z] <<< [apiv2][status] POST https://www.googleapis.com/oauth2/v3/token 200
[debug] [2023-02-19T06:38:29.327Z] <<< [apiv2][body] POST https://www.googleapis.com/oauth2/v3/token [omitted]
[debug] [2023-02-19T06:38:29.352Z] >>> [apiv2][query] GET https://firebase.googleapis.com/v1beta1/projects/tafcreatex [none]
[debug] [2023-02-19T06:38:29.957Z] <<< [apiv2][status] GET https://firebase.googleapis.com/v1beta1/projects/tafcreatex 200
[debug] [2023-02-19T06:38:29.958Z] <<< [apiv2][body] GET https://firebase.googleapis.com/v1beta1/projects/tafcreatex {"projectId":"tafcreatex","projectNumber":"767791743000","displayName":"TAfCreate","name":"projects/tafcreatex","resources":{"hostingSite":"tafcreatex","realtimeDatabaseInstance":"tafcreatex-default-rtdb","storageBucket":"tafcreatex.appspot.com","locationId":"us-central"},"state":"ACTIVE","etag":"1_bc3b9975-0bd1-46e0-ba56-596b191b0599"}
[info] i  Using project tafcreatex (TAfCreate) 
[info] 
=== Hosting Setup
[info] 
[info] Your public directory is the folder (relative to your project directory) that
[info] will contain Hosting assets to be uploaded with firebase deploy. If you
[info] have a build process for your assets, use your build's output directory.
[info] 
[info] ✔  Wrote public/404.html 
[debug] [2023-02-19T06:38:58.051Z] >>> [apiv2][query] GET https://www.gstatic.com/firebasejs/releases.json [none]
[debug] [2023-02-19T06:38:58.195Z] <<< [apiv2][status] GET https://www.gstatic.com/firebasejs/releases.json 200
[debug] [2023-02-19T06:38:58.196Z] <<< [apiv2][body] GET https://www.gstatic.com/firebasejs/releases.json {"current":{"version":"9.17.1","browserURL":"https://www.gstatic.com/firebasejs/9.17.1/firebase.js","packageURL":"https://www.gstatic.com/firebasejs/9.17.1/firebase.tgz"},"live":{"version":"9.17","browserURL":"https://www.gstatic.com/firebasejs/live/9.17/firebase.js","packageURL":"https://www.gstatic.com/firebasejs/live/9.17/firebase.tgz"},"components":{"analytics":"https://www.gstatic.com/firebasejs/9.17.1/firebase-analytics.js","app":"https://www.gstatic.com/firebasejs/9.17.1/firebase-app.js","app-check":"https://www.gstatic.com/firebasejs/9.17.1/firebase-app-check.js","auth":"https://www.gstatic.com/firebasejs/9.17.1/firebase-auth.js","auth/cordova":"https://www.gstatic.com/firebasejs/9.17.1/firebase-auth/cordova.js","auth/react-native":"https://www.gstatic.com/firebasejs/9.17.1/firebase-auth/react-native.js","functions":"https://www.gstatic.com/firebasejs/9.17.1/firebase-functions.js","firestore":"https://www.gstatic.com/firebasejs/9.17.1/firebase-firestore.js","firestore/lite":"https://www.gstatic.com/firebasejs/9.17.1/firebase-firestore/lite.js","installations":"https://www.gstatic.com/firebasejs/9.17.1/firebase-installations.js","storage":"https://www.gstatic.com/firebasejs/9.17.1/firebase-storage.js","performance":"https://www.gstatic.com/firebasejs/9.17.1/firebase-performance.js","remote-config":"https://www.gstatic.com/firebasejs/9.17.1/firebase-remote-config.js","messaging":"https://www.gstatic.com/firebasejs/9.17.1/firebase-messaging.js","messaging/sw":"https://www.gstatic.com/firebasejs/9.17.1/firebase-messaging/sw.js","database":"https://www.gstatic.com/firebasejs/9.17.1/firebase-database.js","firestore.memory":"https://www.gstatic.com/firebasejs/9.17.1/firebase-firestore.memory.js"}}
[info] ✔  Wrote public/index.html 
[info] 
[info] i  Detected a .git folder at /Users/deepanshu 
[info] i  Authorizing with GitHub to upload your service account to a GitHub repository's secrets store. 
[info] 
[info] Visit this URL on this device to log in:
[info] https://github.com/login/oauth/authorize?client_id=89cf50f02ac6aaed3484&state=960667108&redirect_uri=http%3A%2F%2Flocalhost%3A9005&scope=read%3Auser%20repo%20public_repo
[info] 
[info] Waiting for authentication...
[debug] [2023-02-19T06:39:30.666Z] >>> [apiv2][query] POST https://github.com/login/oauth/access_token [none]
[debug] [2023-02-19T06:39:30.666Z] >>> [apiv2][body] POST https://github.com/login/oauth/access_token [stream]
[debug] [2023-02-19T06:39:31.127Z] <<< [apiv2][status] POST https://github.com/login/oauth/access_token 200
[debug] [2023-02-19T06:39:31.127Z] <<< [apiv2][body] POST https://github.com/login/oauth/access_token {"access_token":"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","token_type":"bearer","scope":"read:user,repo"}
[debug] [2023-02-19T06:39:31.133Z] >>> [apiv2][query] GET https://api.github.com/user [none]
[debug] [2023-02-19T06:39:31.626Z] <<< [apiv2][status] GET https://api.github.com/user 200
[debug] [2023-02-19T06:39:31.626Z] <<< [apiv2][body] GET https://api.github.com/user {"login":"Sciforearth","id":125759282,"node_id":"U_kgDOB37vMg","avatar_url":"https://avatars.githubusercontent.com/u/125759282?v=4","gravatar_id":"","url":"https://api.github.com/users/Sciforearth","html_url":"https://github.com/Sciforearth","followers_url":"https://api.github.com/users/Sciforearth/followers","following_url":"https://api.github.com/users/Sciforearth/following{/other_user}","gists_url":"https://api.github.com/users/Sciforearth/gists{/gist_id}","starred_url":"https://api.github.com/users/Sciforearth/starred{/owner}{/repo}","subscriptions_url":"https://api.github.com/users/Sciforearth/subscriptions","organizations_url":"https://api.github.com/users/Sciforearth/orgs","repos_url":"https://api.github.com/users/Sciforearth/repos","events_url":"https://api.github.com/users/Sciforearth/events{/privacy}","received_events_url":"https://api.github.com/users/Sciforearth/received_events","type":"User","site_admin":false,"name":null,"company":null,"blog":"","location":null,"email":null,"hireable":null,"bio":null,"twitter_username":null,"public_repos":0,"public_gists":0,"followers":0,"following":0,"created_at":"2023-02-18T17:34:22Z","updated_at":"2023-02-18T17:34:22Z","private_gists":0,"total_private_repos":1,"owned_private_repos":1,"disk_usage":0,"collaborators":0,"two_factor_authentication":false,"plan":{"name":"free","space":976562499,"collaborators":0,"private_repos":10000}}
[info] 
[info] ✔  Success! Logged into GitHub as Sciforearth 
[info] 
